<?xml version="1.0" encoding="UTF-8"?>
<coverage generated="1662803653284" clover="3.2.0">
  <project timestamp="1662803653284" name="All files">
    <metrics statements="27" coveredstatements="23" conditionals="8" coveredconditionals="6" methods="19" coveredmethods="17" elements="54" coveredelements="46" complexity="0" loc="27" ncloc="27" packages="3" files="8" classes="8"/>
    <package name="mocks">
      <metrics statements="4" coveredstatements="3" conditionals="2" coveredconditionals="1" methods="1" coveredmethods="1"/>
      <file name="check.ts" path="/Users/joo98e/Desktop/react-ref/jest-test/src/mocks/check.ts">
        <metrics statements="4" coveredstatements="3" conditionals="2" coveredconditionals="1" methods="1" coveredmethods="1"/>
        <line num="7" count="1" type="stmt"/>
        <line num="8" count="1" type="cond" truecount="1" falsecount="1"/>
        <line num="9" count="1" type="stmt"/>
        <line num="11" count="0" type="stmt"/>
      </file>
    </package>
    <package name="mocks.productClient">
      <metrics statements="6" coveredstatements="3" conditionals="0" coveredconditionals="0" methods="6" coveredmethods="4"/>
      <file name="product_client.ts" path="/Users/joo98e/Desktop/react-ref/jest-test/src/mocks/productClient/product_client.ts">
        <metrics statements="3" coveredstatements="0" conditionals="0" coveredconditionals="0" methods="2" coveredmethods="0"/>
        <line num="4" count="0" type="stmt"/>
        <line num="5" count="0" type="stmt"/>
        <line num="8" count="0" type="stmt"/>
      </file>
      <file name="product_service.ts" path="/Users/joo98e/Desktop/react-ref/jest-test/src/mocks/productClient/product_service.ts">
        <metrics statements="3" coveredstatements="3" conditionals="0" coveredconditionals="0" methods="4" coveredmethods="4"/>
        <line num="7" count="1" type="stmt"/>
        <line num="11" count="1" type="stmt"/>
        <line num="13" count="3" type="stmt"/>
      </file>
    </package>
    <package name="utils">
      <metrics statements="17" coveredstatements="17" conditionals="6" coveredconditionals="5" methods="12" coveredmethods="12"/>
      <file name="async.ts" path="/Users/joo98e/Desktop/react-ref/jest-test/src/utils/async.ts">
        <metrics statements="4" coveredstatements="4" conditionals="2" coveredconditionals="2" methods="1" coveredmethods="1"/>
        <line num="1" count="1" type="stmt"/>
        <line num="2" count="4" type="cond" truecount="2" falsecount="0"/>
        <line num="3" count="1" type="stmt"/>
        <line num="6" count="3" type="stmt"/>
      </file>
      <file name="calc.ts" path="/Users/joo98e/Desktop/react-ref/jest-test/src/utils/calc.ts">
        <metrics statements="8" coveredstatements="8" conditionals="2" coveredconditionals="2" methods="8" coveredmethods="8"/>
        <line num="5" count="10" type="cond" truecount="2" falsecount="0"/>
        <line num="9" count="11" type="stmt"/>
        <line num="13" count="3" type="stmt"/>
        <line num="17" count="1" type="stmt"/>
        <line num="21" count="1" type="stmt"/>
        <line num="25" count="1" type="stmt"/>
        <line num="29" count="1" type="stmt"/>
        <line num="33" count="1" type="stmt"/>
      </file>
      <file name="getPageTitleByPathname.ts" path="/Users/joo98e/Desktop/react-ref/jest-test/src/utils/getPageTitleByPathname.ts">
        <metrics statements="2" coveredstatements="2" conditionals="2" coveredconditionals="1" methods="1" coveredmethods="1"/>
        <line num="1" count="1" type="stmt"/>
        <line num="2" count="5" type="cond" truecount="1" falsecount="1"/>
      </file>
      <file name="randomRange.ts" path="/Users/joo98e/Desktop/react-ref/jest-test/src/utils/randomRange.ts">
        <metrics statements="2" coveredstatements="2" conditionals="0" coveredconditionals="0" methods="1" coveredmethods="1"/>
        <line num="6" count="1" type="stmt"/>
        <line num="7" count="2" type="stmt"/>
      </file>
      <file name="sum.ts" path="/Users/joo98e/Desktop/react-ref/jest-test/src/utils/sum.ts">
        <metrics statements="1" coveredstatements="1" conditionals="0" coveredconditionals="0" methods="1" coveredmethods="1"/>
        <line num="8" count="1" type="stmt"/>
      </file>
    </package>
  </project>
</coverage>
