TN:
SF:src/mocks/check.ts
FN:7,(anonymous_0)
FNF:1
FNH:1
FNDA:1,(anonymous_0)
DA:7,1
DA:8,1
DA:9,1
DA:11,0
LF:4
LH:3
BRDA:8,0,0,1
BRDA:8,0,1,0
BRF:2
BRH:1
end_of_record
TN:
SF:src/mocks/productClient/product_client.ts
FN:3,(anonymous_0)
FN:4,(anonymous_1)
FNF:2
FNH:0
FNDA:0,(anonymous_0)
FNDA:0,(anonymous_1)
DA:4,0
DA:5,0
DA:8,0
LF:3
LH:0
BRF:0
BRH:0
end_of_record
TN:
SF:src/mocks/productClient/product_service.ts
FN:6,(anonymous_0)
FN:10,(anonymous_1)
FN:13,(anonymous_2)
FN:13,(anonymous_3)
FNF:4
FNH:4
FNDA:1,(anonymous_0)
FNDA:1,(anonymous_1)
FNDA:1,(anonymous_2)
FNDA:3,(anonymous_3)
DA:7,1
DA:11,1
DA:13,3
LF:3
LH:3
BRF:0
BRH:0
end_of_record
TN:
SF:src/utils/async.ts
FN:1,(anonymous_0)
FNF:1
FNH:1
FNDA:4,(anonymous_0)
DA:1,1
DA:2,4
DA:3,1
DA:6,3
LF:4
LH:4
BRDA:2,0,0,1
BRDA:2,0,1,3
BRF:2
BRH:2
end_of_record
TN:
SF:src/utils/calc.ts
FN:4,(anonymous_0)
FN:8,(anonymous_1)
FN:12,(anonymous_2)
FN:16,(anonymous_3)
FN:20,(anonymous_4)
FN:24,(anonymous_5)
FN:28,(anonymous_6)
FN:32,(anonymous_7)
FNF:8
FNH:8
FNDA:10,(anonymous_0)
FNDA:11,(anonymous_1)
FNDA:3,(anonymous_2)
FNDA:1,(anonymous_3)
FNDA:1,(anonymous_4)
FNDA:1,(anonymous_5)
FNDA:1,(anonymous_6)
FNDA:1,(anonymous_7)
DA:5,10
DA:9,11
DA:13,3
DA:17,1
DA:21,1
DA:25,1
DA:29,1
DA:33,1
LF:8
LH:8
BRDA:5,0,0,10
BRDA:5,0,1,9
BRF:2
BRH:2
end_of_record
TN:
SF:src/utils/getPageTitleByPathname.ts
FN:1,(anonymous_0)
FNF:1
FNH:1
FNDA:5,(anonymous_0)
DA:1,1
DA:2,5
LF:2
LH:2
BRDA:2,0,0,5
BRDA:2,0,1,0
BRF:2
BRH:1
end_of_record
TN:
SF:src/utils/randomRange.ts
FN:6,(anonymous_0)
FNF:1
FNH:1
FNDA:2,(anonymous_0)
DA:6,1
DA:7,2
LF:2
LH:2
BRF:0
BRH:0
end_of_record
TN:
SF:src/utils/sum.ts
FN:7,sum
FNF:1
FNH:1
FNDA:1,sum
DA:8,1
LF:1
LH:1
BRF:0
BRH:0
end_of_record
